  Main.cpp
C:\Program Files (x86)\Microsoft Visual Studio\2019\Community\VC\Tools\MSVC\14.25.28610\include\thread(43,14): error C2672: 'std::invoke': no matching overloaded function found
C:\Program Files (x86)\Microsoft Visual Studio\2019\Community\VC\Tools\MSVC\14.25.28610\include\thread(49): message : see reference to function template instantiation 'unsigned int std::thread::_Invoke<_Tuple,0,1,2,3>(void *) noexcept' being compiled
          with
          [
              _Tuple=_Tuple
          ]
C:\Program Files (x86)\Microsoft Visual Studio\2019\Community\VC\Tools\MSVC\14.25.28610\include\thread(55): message : see reference to function template instantiation 'unsigned int (__stdcall *std::thread::_Get_invoke<_Tuple,0,1,2,3>(std::integer_sequence<size_t,0,1,2,3>) noexcept)(void *)' being compiled
C:\SANDBOX\Algorithms-CMPT435\Assignment_2\Assignment_2\Main.cpp(126): message : see reference to function template instantiation 'std::thread::thread<main::<lambda_5f010fbc9eb7b2d2f1cdce599937673d>&,std::string(&)[666],const int&,int&,0>(_Fn,std::string (&)[666],const int &,int &)' being compiled
          with
          [
              _Fn=main::<lambda_5f010fbc9eb7b2d2f1cdce599937673d> &
          ]
C:\Program Files (x86)\Microsoft Visual Studio\2019\Community\VC\Tools\MSVC\14.25.28610\include\thread(39,5): error C2893: Failed to specialize function template 'unknown-type std::invoke(_Callable &&,_Types &&...) noexcept(<expr>)'
C:\Program Files (x86)\Microsoft Visual Studio\2019\Community\VC\Tools\MSVC\14.25.28610\include\type_traits(1610): message : see declaration of 'std::invoke'
C:\Program Files (x86)\Microsoft Visual Studio\2019\Community\VC\Tools\MSVC\14.25.28610\include\thread(39,5): message : With the following template arguments:
C:\Program Files (x86)\Microsoft Visual Studio\2019\Community\VC\Tools\MSVC\14.25.28610\include\thread(39,5): message : '_Callable=main::<lambda_5f010fbc9eb7b2d2f1cdce599937673d>'
C:\Program Files (x86)\Microsoft Visual Studio\2019\Community\VC\Tools\MSVC\14.25.28610\include\thread(39,5): message : '_Types={std::string *, int, int}'
  Sort.cpp
  Generating Code...
