c:\sandbox\algorithms-practice\algorithms-problems\debug\vc142.pdb
c:\sandbox\algorithms-practice\algorithms-problems\debug\vc142.idb
c:\sandbox\algorithms-practice\algorithms-problems\debug\demos.nativecodeanalysis.sarif
c:\sandbox\algorithms-practice\algorithms-problems\debug\demos.nativecodeanalysis.xml
c:\sandbox\algorithms-practice\algorithms-problems\debug\main.nativecodeanalysis.sarif
c:\sandbox\algorithms-practice\algorithms-problems\debug\main.nativecodeanalysis.xml
c:\sandbox\algorithms-practice\algorithms-problems\debug\linkedlist.nativecodeanalysis.sarif
c:\sandbox\algorithms-practice\algorithms-problems\debug\linkedlist.nativecodeanalysis.xml
c:\sandbox\algorithms-practice\algorithms-problems\debug\insertion.nativecodeanalysis.sarif
c:\sandbox\algorithms-practice\algorithms-problems\debug\insertion.nativecodeanalysis.xml
c:\sandbox\algorithms-practice\algorithms-problems\debug\insertion.obj
c:\sandbox\algorithms-practice\algorithms-problems\debug\linkedlist.obj
c:\sandbox\algorithms-practice\algorithms-problems\debug\main.obj
c:\sandbox\algorithms-practice\algorithms-problems\debug\demos.obj
c:\sandbox\algorithms-practice\algorithms-problems\debug\stack.obj
c:\sandbox\algorithms-practice\algorithms-problems\debug\algorithms-problems.exe
c:\sandbox\algorithms-practice\algorithms-problems\debug\algorithms-problems.ilk
c:\sandbox\algorithms-practice\algorithms-problems\debug\algorithms-problems.pdb
c:\sandbox\algorithms-practice\algorithms-problems\debug\vc.nativecodeanalysis.all.xml
c:\sandbox\algorithms-practice\algorithms-problems\debug\algorith.342541b2.tlog\cl.command.1.tlog
c:\sandbox\algorithms-practice\algorithms-problems\debug\algorith.342541b2.tlog\cl.read.1.tlog
c:\sandbox\algorithms-practice\algorithms-problems\debug\algorith.342541b2.tlog\cl.write.1.tlog
c:\sandbox\algorithms-practice\algorithms-problems\debug\algorith.342541b2.tlog\link.command.1.tlog
c:\sandbox\algorithms-practice\algorithms-problems\debug\algorith.342541b2.tlog\link.read.1.tlog
c:\sandbox\algorithms-practice\algorithms-problems\debug\algorith.342541b2.tlog\link.write.1.tlog
